<?xml version="1.0" encoding="UTF-8"?>
<!-- Generated by org.testng.reporters.JUnitXMLReporter -->
<testsuite ignored="0" hostname="EPINPUNW027E" failures="4" tests="4" name="Rerun Failed tests" time="0.266" errors="0" timestamp="2024-10-30T16:13:51 IST">
  <testcase classname="com.qa.test.UserTest2" name="testPostUser" time="0.008">
    <failure type="java.util.MissingResourceException" message="Can&amp;apos;t find bundle for base name Routes, locale en_US">
      <![CDATA[java.util.MissingResourceException: Can't find bundle for base name Routes, locale en_US
at java.base/java.util.ResourceBundle.throwMissingResourceException(ResourceBundle.java:2048)
at java.base/java.util.ResourceBundle.getBundleImpl(ResourceBundle.java:1682)
at java.base/java.util.ResourceBundle.getBundleImpl(ResourceBundle.java:1586)
at java.base/java.util.ResourceBundle.getBundleImpl(ResourceBundle.java:1549)
at java.base/java.util.ResourceBundle.getBundle(ResourceBundle.java:856)
at com.qa.endpoints.UserSectionCrudOperation2.getUrl(UserSectionCrudOperation2.java:15)
at com.qa.endpoints.UserSectionCrudOperation2.createUser(UserSectionCrudOperation2.java:22)
at com.qa.test.UserTest2.testPostUser(UserTest2.java:35)
at java.base/java.util.ArrayList.forEach(ArrayList.java:1511)
at com.intellij.rt.testng.IDEARemoteTestNG.run(IDEARemoteTestNG.java:66)
at com.intellij.rt.testng.RemoteTestNGStarter.main(RemoteTestNGStarter.java:109)
... Removed 24 stack frames]]>
    </failure>
  </testcase> <!-- testPostUser -->
  <testcase classname="com.qa.test.UserTest2" name="testGetUser" time="0.001">
    <failure type="java.util.MissingResourceException" message="Can&amp;apos;t find bundle for base name Routes, locale en_US">
      <![CDATA[java.util.MissingResourceException: Can't find bundle for base name Routes, locale en_US
at java.base/java.util.ResourceBundle.throwMissingResourceException(ResourceBundle.java:2048)
at java.base/java.util.ResourceBundle.getBundleImpl(ResourceBundle.java:1682)
at java.base/java.util.ResourceBundle.getBundleImpl(ResourceBundle.java:1586)
at java.base/java.util.ResourceBundle.getBundleImpl(ResourceBundle.java:1549)
at java.base/java.util.ResourceBundle.getBundle(ResourceBundle.java:856)
at com.qa.endpoints.UserSectionCrudOperation2.getUrl(UserSectionCrudOperation2.java:15)
at com.qa.endpoints.UserSectionCrudOperation2.getUser(UserSectionCrudOperation2.java:50)
at com.qa.test.UserTest2.testGetUser(UserTest2.java:43)
at java.base/java.util.ArrayList.forEach(ArrayList.java:1511)
at com.intellij.rt.testng.IDEARemoteTestNG.run(IDEARemoteTestNG.java:66)
at com.intellij.rt.testng.RemoteTestNGStarter.main(RemoteTestNGStarter.java:109)
... Removed 24 stack frames]]>
    </failure>
  </testcase> <!-- testGetUser -->
  <testcase classname="com.qa.test.UserTest2" name="updateUser" time="0.0">
    <failure type="java.util.MissingResourceException" message="Can&amp;apos;t find bundle for base name Routes, locale en_US">
      <![CDATA[java.util.MissingResourceException: Can't find bundle for base name Routes, locale en_US
at java.base/java.util.ResourceBundle.throwMissingResourceException(ResourceBundle.java:2048)
at java.base/java.util.ResourceBundle.getBundleImpl(ResourceBundle.java:1682)
at java.base/java.util.ResourceBundle.getBundleImpl(ResourceBundle.java:1586)
at java.base/java.util.ResourceBundle.getBundleImpl(ResourceBundle.java:1549)
at java.base/java.util.ResourceBundle.getBundle(ResourceBundle.java:856)
at com.qa.endpoints.UserSectionCrudOperation2.getUrl(UserSectionCrudOperation2.java:15)
at com.qa.endpoints.UserSectionCrudOperation2.updateUser(UserSectionCrudOperation2.java:36)
at com.qa.test.UserTest2.updateUser(UserTest2.java:57)
at java.base/java.util.ArrayList.forEach(ArrayList.java:1511)
at com.intellij.rt.testng.IDEARemoteTestNG.run(IDEARemoteTestNG.java:66)
at com.intellij.rt.testng.RemoteTestNGStarter.main(RemoteTestNGStarter.java:109)
... Removed 24 stack frames]]>
    </failure>
  </testcase> <!-- updateUser -->
  <testcase classname="com.qa.test.UserTest2" name="deleteUser" time="0.0">
    <failure type="java.util.MissingResourceException" message="Can&amp;apos;t find bundle for base name Routes, locale en_US">
      <![CDATA[java.util.MissingResourceException: Can't find bundle for base name Routes, locale en_US
at java.base/java.util.ResourceBundle.throwMissingResourceException(ResourceBundle.java:2048)
at java.base/java.util.ResourceBundle.getBundleImpl(ResourceBundle.java:1682)
at java.base/java.util.ResourceBundle.getBundleImpl(ResourceBundle.java:1586)
at java.base/java.util.ResourceBundle.getBundleImpl(ResourceBundle.java:1549)
at java.base/java.util.ResourceBundle.getBundle(ResourceBundle.java:856)
at com.qa.endpoints.UserSectionCrudOperation2.getUrl(UserSectionCrudOperation2.java:15)
at com.qa.endpoints.UserSectionCrudOperation2.deleteUser(UserSectionCrudOperation2.java:64)
at com.qa.test.UserTest2.deleteUser(UserTest2.java:70)
at java.base/java.util.ArrayList.forEach(ArrayList.java:1511)
at com.intellij.rt.testng.IDEARemoteTestNG.run(IDEARemoteTestNG.java:66)
at com.intellij.rt.testng.RemoteTestNGStarter.main(RemoteTestNGStarter.java:109)
... Removed 24 stack frames]]>
    </failure>
  </testcase> <!-- deleteUser -->
</testsuite> <!-- Rerun Failed tests -->
